{
  "stats": {
    "suites": 1,
    "tests": 1,
    "passes": 1,
    "pending": 0,
    "failures": 0,
    "start": "2017-11-14T01:12:58.615Z",
    "end": "2017-11-14T01:12:58.679Z",
    "duration": 64,
    "testsRegistered": 1,
    "passPercent": 100,
    "pendingPercent": 0,
    "other": 0,
    "hasOther": false,
    "skipped": 0,
    "hasSkipped": false,
    "passPercentClass": "success",
    "pendingPercentClass": "danger"
  },
  "suites": {
    "title": "",
    "suites": [
      {
        "title": "冲正流程",
        "suites": [],
        "tests": [
          {
            "title": "冲正",
            "fullTitle": "冲正流程 冲正",
            "timedOut": false,
            "duration": 8,
            "state": "passed",
            "speed": "fast",
            "pass": true,
            "fail": false,
            "pending": false,
            "code": "CO(function* () {\n  yield InitGlobal.InitGlobal();\n  //charge_mode 0先扣补贴1只扣补贴2只扣现金3先扣现金\n  //trad_type 51金额消费撤销 53计次消费撤销\n  //初始化现金10000，补贴1000，离线限额500，冲正现金消费1000，冲正补贴消费1000\n  var sqlStr = \"update fin_account set cash_amt = 10000 where account_id = 38;\"\n    + \"update fin_sub_account set sub_amt = 0 where account_id = 38;\"\n    + \"update fin_sub_account set sub_amt = 1000 where account_id = 38 and sub_id = 36;\"\n    + \"update fin_device set charge_mode = 2 where device_id = 10001;\"\n    + \"update fin_crowd_master set day_sub_enable = 1,day_sub_amt = 0,day_limit_amt = 0,single_limit = 0,offline_limit_amt_enable = 1,offline_limit_amt = 500 where crowd_id = 1;\"\n    + \"update fin_day_total set is_day_sub_receive = 0 where  account_id  = 38;\"\n    + \"update fin_meal_total set is_fixed_meal_receive = 0 where  account_id  = 38;\"\n    + \"update fin_rule_master set meal_sub_type = 0,meal_sub_enable = 1,meal_sub_amt = 0,meal_sub_rate = 0;\"\n  yield DBOp_pg.execsql(null, sqlStr);\n  var arg_in = {};\n  arg_in.trad_type = 51;\n  arg_in.session_id = 1770883357;\n  arg_in.device_id = 10001;\n  arg_in.card_serial = 8408;\n  arg_in.money = 1;\n  arg_in.trad_content = '1770883357,10001,amtpay,4B52909C,148,38,0,38,230,1,0';\n  arg_in.trad_sj = new Date().toLocaleString();\n  arg_in.resultCode = 0;\n  arg_in.resultMessage = '';\n  arg_in.bz = \"hahaha\";\n  arg_in.user_unit_id = 1;\n  arg_in.trad_unit_id = 1;\n\n  arg_out = yield onlineTradRecovery.onlineTradRecovery(arg_in);\n  arg_out.should.be.an.instanceof(Object);\n  arg_out.should.have.property(\"resultCode\");\n  arg_out.should.have.property(\"resultMessage\");\n  arg_out.resultCode.should.equal(0);\n  g_Global.Log.Info(\"onlineTradRecovery pass\");\n  g_Global.Log.Info(arg_out.resultMessage);\n  if (arg_out.resultCode > 0) return;\n});",
            "err": {},
            "isRoot": false,
            "uuid": "a39b93c7-b52c-4cb8-8d75-fdea235556d0",
            "parentUUID": "bc0a72a2-5108-4686-bf3a-0cb3f8c634dc",
            "isHook": false,
            "skipped": false
          }
        ],
        "pending": [],
        "root": false,
        "_timeout": 2000,
        "file": "\\test\\onlineTradRecovery.test.js",
        "uuid": "bc0a72a2-5108-4686-bf3a-0cb3f8c634dc",
        "beforeHooks": [],
        "afterHooks": [],
        "fullFile": "D:\\node\\TradServer\\test\\onlineTradRecovery.test.js",
        "passes": [
          {
            "title": "冲正",
            "fullTitle": "冲正流程 冲正",
            "timedOut": false,
            "duration": 8,
            "state": "passed",
            "speed": "fast",
            "pass": true,
            "fail": false,
            "pending": false,
            "code": "CO(function* () {\n  yield InitGlobal.InitGlobal();\n  //charge_mode 0先扣补贴1只扣补贴2只扣现金3先扣现金\n  //trad_type 51金额消费撤销 53计次消费撤销\n  //初始化现金10000，补贴1000，离线限额500，冲正现金消费1000，冲正补贴消费1000\n  var sqlStr = \"update fin_account set cash_amt = 10000 where account_id = 38;\"\n    + \"update fin_sub_account set sub_amt = 0 where account_id = 38;\"\n    + \"update fin_sub_account set sub_amt = 1000 where account_id = 38 and sub_id = 36;\"\n    + \"update fin_device set charge_mode = 2 where device_id = 10001;\"\n    + \"update fin_crowd_master set day_sub_enable = 1,day_sub_amt = 0,day_limit_amt = 0,single_limit = 0,offline_limit_amt_enable = 1,offline_limit_amt = 500 where crowd_id = 1;\"\n    + \"update fin_day_total set is_day_sub_receive = 0 where  account_id  = 38;\"\n    + \"update fin_meal_total set is_fixed_meal_receive = 0 where  account_id  = 38;\"\n    + \"update fin_rule_master set meal_sub_type = 0,meal_sub_enable = 1,meal_sub_amt = 0,meal_sub_rate = 0;\"\n  yield DBOp_pg.execsql(null, sqlStr);\n  var arg_in = {};\n  arg_in.trad_type = 51;\n  arg_in.session_id = 1770883357;\n  arg_in.device_id = 10001;\n  arg_in.card_serial = 8408;\n  arg_in.money = 1;\n  arg_in.trad_content = '1770883357,10001,amtpay,4B52909C,148,38,0,38,230,1,0';\n  arg_in.trad_sj = new Date().toLocaleString();\n  arg_in.resultCode = 0;\n  arg_in.resultMessage = '';\n  arg_in.bz = \"hahaha\";\n  arg_in.user_unit_id = 1;\n  arg_in.trad_unit_id = 1;\n\n  arg_out = yield onlineTradRecovery.onlineTradRecovery(arg_in);\n  arg_out.should.be.an.instanceof(Object);\n  arg_out.should.have.property(\"resultCode\");\n  arg_out.should.have.property(\"resultMessage\");\n  arg_out.resultCode.should.equal(0);\n  g_Global.Log.Info(\"onlineTradRecovery pass\");\n  g_Global.Log.Info(arg_out.resultMessage);\n  if (arg_out.resultCode > 0) return;\n});",
            "err": {},
            "isRoot": false,
            "uuid": "a39b93c7-b52c-4cb8-8d75-fdea235556d0",
            "parentUUID": "bc0a72a2-5108-4686-bf3a-0cb3f8c634dc",
            "isHook": false,
            "skipped": false
          }
        ],
        "failures": [],
        "skipped": [],
        "hasBeforeHooks": false,
        "hasAfterHooks": false,
        "hasTests": true,
        "hasSuites": false,
        "totalTests": 1,
        "totalPasses": 1,
        "totalFailures": 0,
        "totalPending": 0,
        "totalSkipped": 0,
        "hasPasses": true,
        "hasFailures": false,
        "hasPending": false,
        "hasSkipped": false,
        "duration": 8,
        "rootEmpty": false
      }
    ],
    "tests": [],
    "pending": [],
    "root": true,
    "_timeout": 2000,
    "uuid": "a8c8235e-46f9-4890-90e6-13ef72109032",
    "beforeHooks": [],
    "afterHooks": [],
    "fullFile": "",
    "file": "",
    "passes": [],
    "failures": [],
    "skipped": [],
    "hasBeforeHooks": false,
    "hasAfterHooks": false,
    "hasTests": false,
    "hasSuites": true,
    "totalTests": 0,
    "totalPasses": 0,
    "totalFailures": 0,
    "totalPending": 0,
    "totalSkipped": 0,
    "hasPasses": false,
    "hasFailures": false,
    "hasPending": false,
    "hasSkipped": false,
    "duration": 0,
    "rootEmpty": true
  },
  "allTests": [
    {
      "title": "冲正",
      "fullTitle": "冲正流程 冲正",
      "timedOut": false,
      "duration": 8,
      "state": "passed",
      "speed": "fast",
      "pass": true,
      "fail": false,
      "pending": false,
      "code": "CO(function* () {\n  yield InitGlobal.InitGlobal();\n  //charge_mode 0先扣补贴1只扣补贴2只扣现金3先扣现金\n  //trad_type 51金额消费撤销 53计次消费撤销\n  //初始化现金10000，补贴1000，离线限额500，冲正现金消费1000，冲正补贴消费1000\n  var sqlStr = \"update fin_account set cash_amt = 10000 where account_id = 38;\"\n    + \"update fin_sub_account set sub_amt = 0 where account_id = 38;\"\n    + \"update fin_sub_account set sub_amt = 1000 where account_id = 38 and sub_id = 36;\"\n    + \"update fin_device set charge_mode = 2 where device_id = 10001;\"\n    + \"update fin_crowd_master set day_sub_enable = 1,day_sub_amt = 0,day_limit_amt = 0,single_limit = 0,offline_limit_amt_enable = 1,offline_limit_amt = 500 where crowd_id = 1;\"\n    + \"update fin_day_total set is_day_sub_receive = 0 where  account_id  = 38;\"\n    + \"update fin_meal_total set is_fixed_meal_receive = 0 where  account_id  = 38;\"\n    + \"update fin_rule_master set meal_sub_type = 0,meal_sub_enable = 1,meal_sub_amt = 0,meal_sub_rate = 0;\"\n  yield DBOp_pg.execsql(null, sqlStr);\n  var arg_in = {};\n  arg_in.trad_type = 51;\n  arg_in.session_id = 1770883357;\n  arg_in.device_id = 10001;\n  arg_in.card_serial = 8408;\n  arg_in.money = 1;\n  arg_in.trad_content = '1770883357,10001,amtpay,4B52909C,148,38,0,38,230,1,0';\n  arg_in.trad_sj = new Date().toLocaleString();\n  arg_in.resultCode = 0;\n  arg_in.resultMessage = '';\n  arg_in.bz = \"hahaha\";\n  arg_in.user_unit_id = 1;\n  arg_in.trad_unit_id = 1;\n\n  arg_out = yield onlineTradRecovery.onlineTradRecovery(arg_in);\n  arg_out.should.be.an.instanceof(Object);\n  arg_out.should.have.property(\"resultCode\");\n  arg_out.should.have.property(\"resultMessage\");\n  arg_out.resultCode.should.equal(0);\n  g_Global.Log.Info(\"onlineTradRecovery pass\");\n  g_Global.Log.Info(arg_out.resultMessage);\n  if (arg_out.resultCode > 0) return;\n});",
      "err": {},
      "isRoot": false,
      "uuid": "a39b93c7-b52c-4cb8-8d75-fdea235556d0",
      "parentUUID": "bc0a72a2-5108-4686-bf3a-0cb3f8c634dc",
      "isHook": false,
      "skipped": false
    }
  ],
  "allPending": [],
  "allPasses": [
    {
      "title": "冲正",
      "fullTitle": "冲正流程 冲正",
      "timedOut": false,
      "duration": 8,
      "state": "passed",
      "speed": "fast",
      "pass": true,
      "fail": false,
      "pending": false,
      "code": "CO(function* () {\n  yield InitGlobal.InitGlobal();\n  //charge_mode 0先扣补贴1只扣补贴2只扣现金3先扣现金\n  //trad_type 51金额消费撤销 53计次消费撤销\n  //初始化现金10000，补贴1000，离线限额500，冲正现金消费1000，冲正补贴消费1000\n  var sqlStr = \"update fin_account set cash_amt = 10000 where account_id = 38;\"\n    + \"update fin_sub_account set sub_amt = 0 where account_id = 38;\"\n    + \"update fin_sub_account set sub_amt = 1000 where account_id = 38 and sub_id = 36;\"\n    + \"update fin_device set charge_mode = 2 where device_id = 10001;\"\n    + \"update fin_crowd_master set day_sub_enable = 1,day_sub_amt = 0,day_limit_amt = 0,single_limit = 0,offline_limit_amt_enable = 1,offline_limit_amt = 500 where crowd_id = 1;\"\n    + \"update fin_day_total set is_day_sub_receive = 0 where  account_id  = 38;\"\n    + \"update fin_meal_total set is_fixed_meal_receive = 0 where  account_id  = 38;\"\n    + \"update fin_rule_master set meal_sub_type = 0,meal_sub_enable = 1,meal_sub_amt = 0,meal_sub_rate = 0;\"\n  yield DBOp_pg.execsql(null, sqlStr);\n  var arg_in = {};\n  arg_in.trad_type = 51;\n  arg_in.session_id = 1770883357;\n  arg_in.device_id = 10001;\n  arg_in.card_serial = 8408;\n  arg_in.money = 1;\n  arg_in.trad_content = '1770883357,10001,amtpay,4B52909C,148,38,0,38,230,1,0';\n  arg_in.trad_sj = new Date().toLocaleString();\n  arg_in.resultCode = 0;\n  arg_in.resultMessage = '';\n  arg_in.bz = \"hahaha\";\n  arg_in.user_unit_id = 1;\n  arg_in.trad_unit_id = 1;\n\n  arg_out = yield onlineTradRecovery.onlineTradRecovery(arg_in);\n  arg_out.should.be.an.instanceof(Object);\n  arg_out.should.have.property(\"resultCode\");\n  arg_out.should.have.property(\"resultMessage\");\n  arg_out.resultCode.should.equal(0);\n  g_Global.Log.Info(\"onlineTradRecovery pass\");\n  g_Global.Log.Info(arg_out.resultMessage);\n  if (arg_out.resultCode > 0) return;\n});",
      "err": {},
      "isRoot": false,
      "uuid": "a39b93c7-b52c-4cb8-8d75-fdea235556d0",
      "parentUUID": "bc0a72a2-5108-4686-bf3a-0cb3f8c634dc",
      "isHook": false,
      "skipped": false
    }
  ],
  "allFailures": [],
  "copyrightYear": 2017
}